Mar 26 2022 15:21:10
{"type":8192,"message":"Return type of Google\\Collection::count() should either be compatible with Countable::count(): int, or the #[\\ReturnTypeWillChange] attribute should be used to temporarily suppress the notice","file":"C:\\xampp\\htdocs\\Websites\\AppointmentWebsite\\wp-content\\plugins\\salon-booking-system\\src\\SLN\\Third\\google-api-php-client\\src\\Collection.php","line":49}

Mar 26 2022 15:21:14
{"type":8192,"message":"Return type of Google\\Collection::count() should either be compatible with Countable::count(): int, or the #[\\ReturnTypeWillChange] attribute should be used to temporarily suppress the notice","file":"C:\\xampp\\htdocs\\Websites\\AppointmentWebsite\\wp-content\\plugins\\salon-booking-system\\src\\SLN\\Third\\google-api-php-client\\src\\Collection.php","line":49}

Mar 26 2022 15:21:15
{"type":8192,"message":"Return type of Google\\Collection::count() should either be compatible with Countable::count(): int, or the #[\\ReturnTypeWillChange] attribute should be used to temporarily suppress the notice","file":"C:\\xampp\\htdocs\\Websites\\AppointmentWebsite\\wp-content\\plugins\\salon-booking-system\\src\\SLN\\Third\\google-api-php-client\\src\\Collection.php","line":49}

Mar 26 2022 15:21:17
{"type":8192,"message":"Return type of Google\\Collection::count() should either be compatible with Countable::count(): int, or the #[\\ReturnTypeWillChange] attribute should be used to temporarily suppress the notice","file":"C:\\xampp\\htdocs\\Websites\\AppointmentWebsite\\wp-content\\plugins\\salon-booking-system\\src\\SLN\\Third\\google-api-php-client\\src\\Collection.php","line":49}

Mar 26 2022 15:21:21
{"Number":8192,"Message":"base64_encode(): Passing null to parameter #1 ($string) of type string is deprecated","File":"C:\\xampp\\htdocs\\Websites\\AppointmentWebsite\\wp-content\\plugins\\all-in-one-wp-migration\\lib\\model\\export\\class-ai1wm-export-config.php","Line":164}

Mar 26 2022 15:21:21
{"Number":8192,"Message":"Return type of ActionScheduler_DateTime::setTimezone($timezone) should either be compatible with DateTime::setTimezone(DateTimeZone $timezone): DateTime, or the #[\\ReturnTypeWillChange] attribute should be used to temporarily suppress the notice","File":"C:\\xampp\\htdocs\\Websites\\AppointmentWebsite\\wp-content\\plugins\\wpforms-lite\\vendor\\woocommerce\\action-scheduler\\classes\\ActionScheduler_DateTime.php","Line":60}

Mar 26 2022 15:21:21
{"Number":8192,"Message":"Return type of ActionScheduler_DateTime::getOffset() should either be compatible with DateTime::getOffset(): int, or the #[\\ReturnTypeWillChange] attribute should be used to temporarily suppress the notice","File":"C:\\xampp\\htdocs\\Websites\\AppointmentWebsite\\wp-content\\plugins\\wpforms-lite\\vendor\\woocommerce\\action-scheduler\\classes\\ActionScheduler_DateTime.php","Line":48}

Mar 26 2022 15:21:21
{"Number":8192,"Message":"Return type of ActionScheduler_DateTime::getTimestamp() should either be compatible with DateTime::getTimestamp(): int, or the #[\\ReturnTypeWillChange] attribute should be used to temporarily suppress the notice","File":"C:\\xampp\\htdocs\\Websites\\AppointmentWebsite\\wp-content\\plugins\\wpforms-lite\\vendor\\woocommerce\\action-scheduler\\classes\\ActionScheduler_DateTime.php","Line":27}

Mar 26 2022 15:21:21
{"Number":8192,"Message":"DateTime::__construct(): Passing null to parameter #1 ($datetime) of type string is deprecated","File":"C:\\xampp\\htdocs\\Websites\\AppointmentWebsite\\wp-content\\plugins\\wpforms-lite\\vendor\\woocommerce\\action-scheduler\\functions.php","Line":316}

Mar 26 2022 15:21:21
{"type":8192,"message":"Return type of Google\\Collection::count() should either be compatible with Countable::count(): int, or the #[\\ReturnTypeWillChange] attribute should be used to temporarily suppress the notice","file":"C:\\xampp\\htdocs\\Websites\\AppointmentWebsite\\wp-content\\plugins\\salon-booking-system\\src\\SLN\\Third\\google-api-php-client\\src\\Collection.php","line":49}

Mar 26 2022 15:21:22
{"Number":8192,"Message":"Return type of ActionScheduler_DateTime::setTimezone($timezone) should either be compatible with DateTime::setTimezone(DateTimeZone $timezone): DateTime, or the #[\\ReturnTypeWillChange] attribute should be used to temporarily suppress the notice","File":"C:\\xampp\\htdocs\\Websites\\AppointmentWebsite\\wp-content\\plugins\\wpforms-lite\\vendor\\woocommerce\\action-scheduler\\classes\\ActionScheduler_DateTime.php","Line":60}

Mar 26 2022 15:21:22
{"Number":8192,"Message":"Return type of ActionScheduler_DateTime::getOffset() should either be compatible with DateTime::getOffset(): int, or the #[\\ReturnTypeWillChange] attribute should be used to temporarily suppress the notice","File":"C:\\xampp\\htdocs\\Websites\\AppointmentWebsite\\wp-content\\plugins\\wpforms-lite\\vendor\\woocommerce\\action-scheduler\\classes\\ActionScheduler_DateTime.php","Line":48}

Mar 26 2022 15:21:22
{"Number":8192,"Message":"Return type of ActionScheduler_DateTime::getTimestamp() should either be compatible with DateTime::getTimestamp(): int, or the #[\\ReturnTypeWillChange] attribute should be used to temporarily suppress the notice","File":"C:\\xampp\\htdocs\\Websites\\AppointmentWebsite\\wp-content\\plugins\\wpforms-lite\\vendor\\woocommerce\\action-scheduler\\classes\\ActionScheduler_DateTime.php","Line":27}

Mar 26 2022 15:21:22
{"Number":8192,"Message":"DateTime::__construct(): Passing null to parameter #1 ($datetime) of type string is deprecated","File":"C:\\xampp\\htdocs\\Websites\\AppointmentWebsite\\wp-content\\plugins\\wpforms-lite\\vendor\\woocommerce\\action-scheduler\\functions.php","Line":316}

Mar 26 2022 15:21:22
{"type":8192,"message":"Return type of Google\\Collection::count() should either be compatible with Countable::count(): int, or the #[\\ReturnTypeWillChange] attribute should be used to temporarily suppress the notice","file":"C:\\xampp\\htdocs\\Websites\\AppointmentWebsite\\wp-content\\plugins\\salon-booking-system\\src\\SLN\\Third\\google-api-php-client\\src\\Collection.php","line":49}

Mar 26 2022 15:21:24
{"type":8192,"message":"Return type of Google\\Collection::count() should either be compatible with Countable::count(): int, or the #[\\ReturnTypeWillChange] attribute should be used to temporarily suppress the notice","file":"C:\\xampp\\htdocs\\Websites\\AppointmentWebsite\\wp-content\\plugins\\salon-booking-system\\src\\SLN\\Third\\google-api-php-client\\src\\Collection.php","line":49}

Mar 26 2022 15:21:28
{"type":8192,"message":"Return type of Google\\Collection::count() should either be compatible with Countable::count(): int, or the #[\\ReturnTypeWillChange] attribute should be used to temporarily suppress the notice","file":"C:\\xampp\\htdocs\\Websites\\AppointmentWebsite\\wp-content\\plugins\\salon-booking-system\\src\\SLN\\Third\\google-api-php-client\\src\\Collection.php","line":49}

Mar 26 2022 15:21:29
{"type":8192,"message":"Return type of Google\\Collection::count() should either be compatible with Countable::count(): int, or the #[\\ReturnTypeWillChange] attribute should be used to temporarily suppress the notice","file":"C:\\xampp\\htdocs\\Websites\\AppointmentWebsite\\wp-content\\plugins\\salon-booking-system\\src\\SLN\\Third\\google-api-php-client\\src\\Collection.php","line":49}

Mar 26 2022 15:21:31
{"type":8192,"message":"Return type of Google\\Collection::count() should either be compatible with Countable::count(): int, or the #[\\ReturnTypeWillChange] attribute should be used to temporarily suppress the notice","file":"C:\\xampp\\htdocs\\Websites\\AppointmentWebsite\\wp-content\\plugins\\salon-booking-system\\src\\SLN\\Third\\google-api-php-client\\src\\Collection.php","line":49}

Mar 26 2022 15:21:39
{"type":8192,"message":"Return type of Google\\Collection::count() should either be compatible with Countable::count(): int, or the #[\\ReturnTypeWillChange] attribute should be used to temporarily suppress the notice","file":"C:\\xampp\\htdocs\\Websites\\AppointmentWebsite\\wp-content\\plugins\\salon-booking-system\\src\\SLN\\Third\\google-api-php-client\\src\\Collection.php","line":49}

Mar 26 2022 15:21:39
{"type":8192,"message":"Return type of Google\\Collection::count() should either be compatible with Countable::count(): int, or the #[\\ReturnTypeWillChange] attribute should be used to temporarily suppress the notice","file":"C:\\xampp\\htdocs\\Websites\\AppointmentWebsite\\wp-content\\plugins\\salon-booking-system\\src\\SLN\\Third\\google-api-php-client\\src\\Collection.php","line":49}

Mar 26 2022 15:21:45
{"type":8192,"message":"Return type of Google\\Collection::count() should either be compatible with Countable::count(): int, or the #[\\ReturnTypeWillChange] attribute should be used to temporarily suppress the notice","file":"C:\\xampp\\htdocs\\Websites\\AppointmentWebsite\\wp-content\\plugins\\salon-booking-system\\src\\SLN\\Third\\google-api-php-client\\src\\Collection.php","line":49}

Mar 26 2022 15:21:49
{"type":8192,"message":"Return type of Requests_Utility_CaseInsensitiveDictionary::getIterator() should either be compatible with IteratorAggregate::getIterator(): Traversable, or the #[\\ReturnTypeWillChange] attribute should be used to temporarily suppress the notice","file":"C:\\xampp\\htdocs\\Websites\\AppointmentWebsite\\wp-includes\\Requests\\Utility\\CaseInsensitiveDictionary.php","line":91}

Mar 26 2022 15:21:53
{"type":8192,"message":"Return type of Google\\Collection::count() should either be compatible with Countable::count(): int, or the #[\\ReturnTypeWillChange] attribute should be used to temporarily suppress the notice","file":"C:\\xampp\\htdocs\\Websites\\AppointmentWebsite\\wp-content\\plugins\\salon-booking-system\\src\\SLN\\Third\\google-api-php-client\\src\\Collection.php","line":49}

Mar 26 2022 15:21:56
{"type":8192,"message":"Return type of Google\\Collection::count() should either be compatible with Countable::count(): int, or the #[\\ReturnTypeWillChange] attribute should be used to temporarily suppress the notice","file":"C:\\xampp\\htdocs\\Websites\\AppointmentWebsite\\wp-content\\plugins\\salon-booking-system\\src\\SLN\\Third\\google-api-php-client\\src\\Collection.php","line":49}

Mar 26 2022 15:21:59
{"type":8192,"message":"Return type of Google\\Collection::count() should either be compatible with Countable::count(): int, or the #[\\ReturnTypeWillChange] attribute should be used to temporarily suppress the notice","file":"C:\\xampp\\htdocs\\Websites\\AppointmentWebsite\\wp-content\\plugins\\salon-booking-system\\src\\SLN\\Third\\google-api-php-client\\src\\Collection.php","line":49}

Mar 26 2022 15:22:07
{"type":8192,"message":"Return type of Google\\Collection::count() should either be compatible with Countable::count(): int, or the #[\\ReturnTypeWillChange] attribute should be used to temporarily suppress the notice","file":"C:\\xampp\\htdocs\\Websites\\AppointmentWebsite\\wp-content\\plugins\\salon-booking-system\\src\\SLN\\Third\\google-api-php-client\\src\\Collection.php","line":49}

Mar 26 2022 15:22:08
{"type":8192,"message":"Return type of Google\\Collection::count() should either be compatible with Countable::count(): int, or the #[\\ReturnTypeWillChange] attribute should be used to temporarily suppress the notice","file":"C:\\xampp\\htdocs\\Websites\\AppointmentWebsite\\wp-content\\plugins\\salon-booking-system\\src\\SLN\\Third\\google-api-php-client\\src\\Collection.php","line":49}

Mar 26 2022 15:22:21
{"type":8192,"message":"Return type of Google\\Collection::count() should either be compatible with Countable::count(): int, or the #[\\ReturnTypeWillChange] attribute should be used to temporarily suppress the notice","file":"C:\\xampp\\htdocs\\Websites\\AppointmentWebsite\\wp-content\\plugins\\salon-booking-system\\src\\SLN\\Third\\google-api-php-client\\src\\Collection.php","line":49}

Mar 26 2022 15:22:22
{"type":8192,"message":"Return type of Google\\Collection::count() should either be compatible with Countable::count(): int, or the #[\\ReturnTypeWillChange] attribute should be used to temporarily suppress the notice","file":"C:\\xampp\\htdocs\\Websites\\AppointmentWebsite\\wp-content\\plugins\\salon-booking-system\\src\\SLN\\Third\\google-api-php-client\\src\\Collection.php","line":49}

Mar 26 2022 15:22:34
{"Number":8192,"Message":"Return type of ActionScheduler_DateTime::setTimezone($timezone) should either be compatible with DateTime::setTimezone(DateTimeZone $timezone): DateTime, or the #[\\ReturnTypeWillChange] attribute should be used to temporarily suppress the notice","File":"C:\\xampp\\htdocs\\Websites\\AppointmentWebsite\\wp-content\\plugins\\wpforms-lite\\vendor\\woocommerce\\action-scheduler\\classes\\ActionScheduler_DateTime.php","Line":60}

Mar 26 2022 15:22:34
{"Number":8192,"Message":"Return type of ActionScheduler_DateTime::getOffset() should either be compatible with DateTime::getOffset(): int, or the #[\\ReturnTypeWillChange] attribute should be used to temporarily suppress the notice","File":"C:\\xampp\\htdocs\\Websites\\AppointmentWebsite\\wp-content\\plugins\\wpforms-lite\\vendor\\woocommerce\\action-scheduler\\classes\\ActionScheduler_DateTime.php","Line":48}

Mar 26 2022 15:22:34
{"Number":8192,"Message":"Return type of ActionScheduler_DateTime::getTimestamp() should either be compatible with DateTime::getTimestamp(): int, or the #[\\ReturnTypeWillChange] attribute should be used to temporarily suppress the notice","File":"C:\\xampp\\htdocs\\Websites\\AppointmentWebsite\\wp-content\\plugins\\wpforms-lite\\vendor\\woocommerce\\action-scheduler\\classes\\ActionScheduler_DateTime.php","Line":27}

Mar 26 2022 15:22:34
{"Number":8192,"Message":"DateTime::__construct(): Passing null to parameter #1 ($datetime) of type string is deprecated","File":"C:\\xampp\\htdocs\\Websites\\AppointmentWebsite\\wp-content\\plugins\\wpforms-lite\\vendor\\woocommerce\\action-scheduler\\functions.php","Line":316}

Mar 26 2022 15:22:34
{"type":8192,"message":"Return type of Google\\Collection::count() should either be compatible with Countable::count(): int, or the #[\\ReturnTypeWillChange] attribute should be used to temporarily suppress the notice","file":"C:\\xampp\\htdocs\\Websites\\AppointmentWebsite\\wp-content\\plugins\\salon-booking-system\\src\\SLN\\Third\\google-api-php-client\\src\\Collection.php","line":49}

Mar 26 2022 15:22:35
{"Number":8192,"Message":"Return type of ActionScheduler_DateTime::setTimezone($timezone) should either be compatible with DateTime::setTimezone(DateTimeZone $timezone): DateTime, or the #[\\ReturnTypeWillChange] attribute should be used to temporarily suppress the notice","File":"C:\\xampp\\htdocs\\Websites\\AppointmentWebsite\\wp-content\\plugins\\wpforms-lite\\vendor\\woocommerce\\action-scheduler\\classes\\ActionScheduler_DateTime.php","Line":60}

Mar 26 2022 15:22:35
{"Number":8192,"Message":"Return type of ActionScheduler_DateTime::getOffset() should either be compatible with DateTime::getOffset(): int, or the #[\\ReturnTypeWillChange] attribute should be used to temporarily suppress the notice","File":"C:\\xampp\\htdocs\\Websites\\AppointmentWebsite\\wp-content\\plugins\\wpforms-lite\\vendor\\woocommerce\\action-scheduler\\classes\\ActionScheduler_DateTime.php","Line":48}

Mar 26 2022 15:22:35
{"Number":8192,"Message":"Return type of ActionScheduler_DateTime::getTimestamp() should either be compatible with DateTime::getTimestamp(): int, or the #[\\ReturnTypeWillChange] attribute should be used to temporarily suppress the notice","File":"C:\\xampp\\htdocs\\Websites\\AppointmentWebsite\\wp-content\\plugins\\wpforms-lite\\vendor\\woocommerce\\action-scheduler\\classes\\ActionScheduler_DateTime.php","Line":27}

Mar 26 2022 15:22:35
{"Number":8192,"Message":"DateTime::__construct(): Passing null to parameter #1 ($datetime) of type string is deprecated","File":"C:\\xampp\\htdocs\\Websites\\AppointmentWebsite\\wp-content\\plugins\\wpforms-lite\\vendor\\woocommerce\\action-scheduler\\functions.php","Line":316}

Mar 26 2022 15:22:35
{"type":8192,"message":"Return type of Google\\Collection::count() should either be compatible with Countable::count(): int, or the #[\\ReturnTypeWillChange] attribute should be used to temporarily suppress the notice","file":"C:\\xampp\\htdocs\\Websites\\AppointmentWebsite\\wp-content\\plugins\\salon-booking-system\\src\\SLN\\Third\\google-api-php-client\\src\\Collection.php","line":49}

Mar 26 2022 15:22:48
{"type":8192,"message":"Return type of Google\\Collection::count() should either be compatible with Countable::count(): int, or the #[\\ReturnTypeWillChange] attribute should be used to temporarily suppress the notice","file":"C:\\xampp\\htdocs\\Websites\\AppointmentWebsite\\wp-content\\plugins\\salon-booking-system\\src\\SLN\\Third\\google-api-php-client\\src\\Collection.php","line":49}

Mar 26 2022 15:22:51
{"type":8192,"message":"Return type of Requests_Utility_CaseInsensitiveDictionary::getIterator() should either be compatible with IteratorAggregate::getIterator(): Traversable, or the #[\\ReturnTypeWillChange] attribute should be used to temporarily suppress the notice","file":"C:\\xampp\\htdocs\\Websites\\AppointmentWebsite\\wp-includes\\Requests\\Utility\\CaseInsensitiveDictionary.php","line":91}

Mar 26 2022 15:22:51
{"type":8192,"message":"Return type of Google\\Collection::count() should either be compatible with Countable::count(): int, or the #[\\ReturnTypeWillChange] attribute should be used to temporarily suppress the notice","file":"C:\\xampp\\htdocs\\Websites\\AppointmentWebsite\\wp-content\\plugins\\salon-booking-system\\src\\SLN\\Third\\google-api-php-client\\src\\Collection.php","line":49}

